<?xml version="1.0" encoding="UTF-8"?>
<coverage generated="1665747135061" clover="3.2.0">
  <project timestamp="1665747135061" name="All files">
    <metrics statements="32" coveredstatements="31" conditionals="2" coveredconditionals="2" methods="24" coveredmethods="23" elements="58" coveredelements="56" complexity="0" loc="32" ncloc="32" packages="1" files="4" classes="4"/>
    <file name="App.js" path="/home/rishmitha.aita/Desktop/react-testing-mocha-chai-enzyme/src/App.js">
      <metrics statements="16" coveredstatements="15" conditionals="0" coveredconditionals="0" methods="12" coveredmethods="11"/>
      <line num="4" count="2" type="stmt"/>
      <line num="8" count="2" type="stmt"/>
      <line num="14" count="7" type="stmt"/>
      <line num="16" count="7" type="stmt"/>
      <line num="22" count="7" type="stmt"/>
      <line num="23" count="7" type="stmt"/>
      <line num="27" count="7" type="stmt"/>
      <line num="29" count="7" type="stmt"/>
      <line num="30" count="0" type="stmt"/>
      <line num="34" count="1" type="stmt"/>
      <line num="38" count="1" type="stmt"/>
      <line num="42" count="1" type="stmt"/>
      <line num="48" count="20" type="stmt"/>
      <line num="50" count="20" type="stmt"/>
      <line num="65" count="1" type="stmt"/>
      <line num="75" count="2" type="stmt"/>
    </file>
    <file name="ListItems.js" path="/home/rishmitha.aita/Desktop/react-testing-mocha-chai-enzyme/src/ListItems.js">
      <metrics statements="5" coveredstatements="5" conditionals="2" coveredconditionals="2" methods="4" coveredmethods="4"/>
      <line num="6" count="8" type="stmt"/>
      <line num="10" count="29" type="stmt"/>
      <line num="15" count="11" type="stmt"/>
      <line num="16" count="11" type="stmt"/>
      <line num="18" count="29" type="cond" truecount="2" falsecount="0"/>
    </file>
    <file name="SearchItem.js" path="/home/rishmitha.aita/Desktop/react-testing-mocha-chai-enzyme/src/SearchItem.js">
      <metrics statements="8" coveredstatements="8" conditionals="0" coveredconditionals="0" methods="6" coveredmethods="6"/>
      <line num="8" count="4" type="stmt"/>
      <line num="9" count="4" type="stmt"/>
      <line num="18" count="8" type="stmt"/>
      <line num="19" count="24" type="stmt"/>
      <line num="23" count="3" type="stmt"/>
      <line num="29" count="7" type="stmt"/>
      <line num="30" count="7" type="stmt"/>
      <line num="34" count="3" type="stmt"/>
    </file>
    <file name="SearchList.js" path="/home/rishmitha.aita/Desktop/react-testing-mocha-chai-enzyme/src/SearchList.js">
      <metrics statements="3" coveredstatements="3" conditionals="0" coveredconditionals="0" methods="2" coveredmethods="2"/>
      <line num="1" count="1" type="stmt"/>
      <line num="2" count="9" type="stmt"/>
      <line num="3" count="27" type="stmt"/>
    </file>
  </project>
</coverage>
