{"/home/rishmitha.aita/Desktop/react-testing-mocha-chai-enzyme/src/App.js": {"path":"/home/rishmitha.aita/Desktop/react-testing-mocha-chai-enzyme/src/App.js","statementMap":{"0":{"start":{"line":4,"column":27},"end":{"line":6,"column":2}},"1":{"start":{"line":4,"column":41},"end":{"line":6,"column":1}},"2":{"start":{"line":8,"column":27},"end":{"line":10,"column":2}},"3":{"start":{"line":8,"column":41},"end":{"line":10,"column":1}},"4":{"start":{"line":14,"column":4},"end":{"line":14,"column":12}},"5":{"start":{"line":16,"column":4},"end":{"line":20,"column":6}},"6":{"start":{"line":22,"column":4},"end":{"line":22,"column":51}},"7":{"start":{"line":23,"column":4},"end":{"line":23,"column":51}},"8":{"start":{"line":27,"column":4},"end":{"line":30,"column":42}},"9":{"start":{"line":29,"column":23},"end":{"line":29,"column":64}},"10":{"start":{"line":30,"column":22},"end":{"line":30,"column":40}},"11":{"start":{"line":34,"column":4},"end":{"line":34,"column":31}},"12":{"start":{"line":38,"column":4},"end":{"line":38,"column":31}},"13":{"start":{"line":42,"column":4},"end":{"line":44,"column":7}},"14":{"start":{"line":48,"column":24},"end":{"line":48,"column":34}},"15":{"start":{"line":50,"column":4},"end":{"line":71,"column":6}},"16":{"start":{"line":65,"column":14},"end":{"line":65,"column":39}},"17":{"start":{"line":75,"column":23},"end":{"line":75,"column":56}},"18":{"start":{"line":75,"column":40},"end":{"line":75,"column":56}}},"fnMap":{"0":{"name":"(anonymous_0)","decl":{"start":{"line":4,"column":27},"end":{"line":4,"column":28}},"loc":{"start":{"line":4,"column":41},"end":{"line":6,"column":1}},"line":4},"1":{"name":"(anonymous_1)","decl":{"start":{"line":8,"column":27},"end":{"line":8,"column":28}},"loc":{"start":{"line":8,"column":41},"end":{"line":10,"column":1}},"line":8},"2":{"name":"(anonymous_2)","decl":{"start":{"line":13,"column":2},"end":{"line":13,"column":3}},"loc":{"start":{"line":13,"column":16},"end":{"line":24,"column":3}},"line":13},"3":{"name":"(anonymous_3)","decl":{"start":{"line":26,"column":2},"end":{"line":26,"column":3}},"loc":{"start":{"line":26,"column":22},"end":{"line":31,"column":3}},"line":26},"4":{"name":"(anonymous_4)","decl":{"start":{"line":29,"column":12},"end":{"line":29,"column":13}},"loc":{"start":{"line":29,"column":23},"end":{"line":29,"column":64}},"line":29},"5":{"name":"(anonymous_5)","decl":{"start":{"line":30,"column":13},"end":{"line":30,"column":14}},"loc":{"start":{"line":30,"column":22},"end":{"line":30,"column":40}},"line":30},"6":{"name":"(anonymous_6)","decl":{"start":{"line":33,"column":2},"end":{"line":33,"column":3}},"loc":{"start":{"line":33,"column":16},"end":{"line":35,"column":3}},"line":33},"7":{"name":"(anonymous_7)","decl":{"start":{"line":37,"column":2},"end":{"line":37,"column":3}},"loc":{"start":{"line":37,"column":16},"end":{"line":39,"column":3}},"line":37},"8":{"name":"(anonymous_8)","decl":{"start":{"line":41,"column":2},"end":{"line":41,"column":3}},"loc":{"start":{"line":41,"column":23},"end":{"line":45,"column":3}},"line":41},"9":{"name":"(anonymous_9)","decl":{"start":{"line":47,"column":2},"end":{"line":47,"column":3}},"loc":{"start":{"line":47,"column":11},"end":{"line":72,"column":3}},"line":47},"10":{"name":"(anonymous_10)","decl":{"start":{"line":64,"column":22},"end":{"line":64,"column":23}},"loc":{"start":{"line":64,"column":33},"end":{"line":66,"column":13}},"line":64},"11":{"name":"(anonymous_11)","decl":{"start":{"line":75,"column":23},"end":{"line":75,"column":24}},"loc":{"start":{"line":75,"column":40},"end":{"line":75,"column":56}},"line":75}},"branchMap":{},"s":{"0":1,"1":2,"2":1,"3":2,"4":7,"5":7,"6":7,"7":7,"8":7,"9":7,"10":0,"11":1,"12":1,"13":1,"14":20,"15":20,"16":1,"17":1,"18":2},"f":{"0":2,"1":2,"2":7,"3":7,"4":7,"5":0,"6":1,"7":1,"8":1,"9":20,"10":1,"11":2},"b":{},"_coverageSchema":"1a1c01bbd47fc00a2c39e90264f33305004495a9","hash":"14a6e38849295ba57a8afaac49b713b6bd0fd2dc"}
,"/home/rishmitha.aita/Desktop/react-testing-mocha-chai-enzyme/src/ListItems.js": {"path":"/home/rishmitha.aita/Desktop/react-testing-mocha-chai-enzyme/src/ListItems.js","statementMap":{"0":{"start":{"line":6,"column":4},"end":{"line":6,"column":17}},"1":{"start":{"line":10,"column":4},"end":{"line":10,"column":42}},"2":{"start":{"line":15,"column":17},"end":{"line":15,"column":32}},"3":{"start":{"line":16,"column":4},"end":{"line":20,"column":6}},"4":{"start":{"line":18,"column":43},"end":{"line":18,"column":66}}},"fnMap":{"0":{"name":"(anonymous_0)","decl":{"start":{"line":5,"column":2},"end":{"line":5,"column":3}},"loc":{"start":{"line":5,"column":21},"end":{"line":7,"column":3}},"line":5},"1":{"name":"(anonymous_1)","decl":{"start":{"line":9,"column":2},"end":{"line":9,"column":3}},"loc":{"start":{"line":9,"column":21},"end":{"line":11,"column":3}},"line":9},"2":{"name":"(anonymous_2)","decl":{"start":{"line":13,"column":2},"end":{"line":13,"column":3}},"loc":{"start":{"line":13,"column":11},"end":{"line":21,"column":3}},"line":13},"3":{"name":"(anonymous_3)","decl":{"start":{"line":18,"column":31},"end":{"line":18,"column":32}},"loc":{"start":{"line":18,"column":43},"end":{"line":18,"column":66}},"line":18}},"branchMap":{"0":{"loc":{"start":{"line":18,"column":9},"end":{"line":18,"column":73}},"type":"binary-expr","locations":[{"start":{"line":18,"column":9},"end":{"line":18,"column":13}},{"start":{"line":18,"column":17},"end":{"line":18,"column":73}}],"line":18}},"s":{"0":8,"1":29,"2":11,"3":11,"4":29},"f":{"0":8,"1":29,"2":11,"3":29},"b":{"0":[11,11]},"_coverageSchema":"1a1c01bbd47fc00a2c39e90264f33305004495a9","hash":"cecb4289f4446d6a02cc1caf66aed2fd5a351af5"}
,"/home/rishmitha.aita/Desktop/react-testing-mocha-chai-enzyme/src/SearchItem.js": {"path":"/home/rishmitha.aita/Desktop/react-testing-mocha-chai-enzyme/src/SearchItem.js","statementMap":{"0":{"start":{"line":8,"column":8},"end":{"line":8,"column":21}},"1":{"start":{"line":9,"column":8},"end":{"line":14,"column":10}},"2":{"start":{"line":18,"column":8},"end":{"line":19,"column":80}},"3":{"start":{"line":19,"column":22},"end":{"line":19,"column":78}},"4":{"start":{"line":23,"column":8},"end":{"line":25,"column":10}},"5":{"start":{"line":29,"column":38},"end":{"line":29,"column":94}},"6":{"start":{"line":30,"column":8},"end":{"line":43,"column":10}},"7":{"start":{"line":34,"column":24},"end":{"line":34,"column":53}}},"fnMap":{"0":{"name":"(anonymous_0)","decl":{"start":{"line":7,"column":4},"end":{"line":7,"column":5}},"loc":{"start":{"line":7,"column":23},"end":{"line":15,"column":5}},"line":7},"1":{"name":"(anonymous_1)","decl":{"start":{"line":17,"column":4},"end":{"line":17,"column":5}},"loc":{"start":{"line":17,"column":17},"end":{"line":20,"column":5}},"line":17},"2":{"name":"(anonymous_2)","decl":{"start":{"line":19,"column":12},"end":{"line":19,"column":13}},"loc":{"start":{"line":19,"column":22},"end":{"line":19,"column":78}},"line":19},"3":{"name":"(anonymous_3)","decl":{"start":{"line":22,"column":4},"end":{"line":22,"column":5}},"loc":{"start":{"line":22,"column":29},"end":{"line":26,"column":5}},"line":22},"4":{"name":"(anonymous_4)","decl":{"start":{"line":28,"column":4},"end":{"line":28,"column":5}},"loc":{"start":{"line":28,"column":13},"end":{"line":44,"column":5}},"line":28},"5":{"name":"(anonymous_5)","decl":{"start":{"line":33,"column":30},"end":{"line":33,"column":31}},"loc":{"start":{"line":33,"column":41},"end":{"line":35,"column":21}},"line":33}},"branchMap":{},"s":{"0":4,"1":4,"2":8,"3":24,"4":3,"5":7,"6":7,"7":3},"f":{"0":4,"1":8,"2":24,"3":3,"4":7,"5":3},"b":{},"_coverageSchema":"1a1c01bbd47fc00a2c39e90264f33305004495a9","hash":"666aa9bfad115e8d64094a93a916c53d368cc17b"}
,"/home/rishmitha.aita/Desktop/react-testing-mocha-chai-enzyme/src/SearchList.js": {"path":"/home/rishmitha.aita/Desktop/react-testing-mocha-chai-enzyme/src/SearchList.js","statementMap":{"0":{"start":{"line":1,"column":31},"end":{"line":4,"column":1}},"1":{"start":{"line":2,"column":4},"end":{"line":3,"column":71}},"2":{"start":{"line":3,"column":18},"end":{"line":3,"column":69}}},"fnMap":{"0":{"name":"(anonymous_0)","decl":{"start":{"line":1,"column":31},"end":{"line":1,"column":32}},"loc":{"start":{"line":1,"column":52},"end":{"line":4,"column":1}},"line":1},"1":{"name":"(anonymous_1)","decl":{"start":{"line":3,"column":8},"end":{"line":3,"column":9}},"loc":{"start":{"line":3,"column":18},"end":{"line":3,"column":69}},"line":3}},"branchMap":{},"s":{"0":1,"1":9,"2":27},"f":{"0":9,"1":27},"b":{},"_coverageSchema":"1a1c01bbd47fc00a2c39e90264f33305004495a9","hash":"dd615c7056667accbd41994d9026d1b96175d57c"}
}
