TN:
SF:src/App.js
FN:4,(anonymous_0)
FN:8,(anonymous_1)
FN:13,(anonymous_2)
FN:26,(anonymous_3)
FN:29,(anonymous_4)
FN:30,(anonymous_5)
FN:33,(anonymous_6)
FN:37,(anonymous_7)
FN:41,(anonymous_8)
FN:47,(anonymous_9)
FN:64,(anonymous_10)
FN:75,(anonymous_11)
FNF:12
FNH:11
FNDA:2,(anonymous_0)
FNDA:2,(anonymous_1)
FNDA:7,(anonymous_2)
FNDA:7,(anonymous_3)
FNDA:7,(anonymous_4)
FNDA:0,(anonymous_5)
FNDA:1,(anonymous_6)
FNDA:1,(anonymous_7)
FNDA:1,(anonymous_8)
FNDA:20,(anonymous_9)
FNDA:1,(anonymous_10)
FNDA:2,(anonymous_11)
DA:4,2
DA:8,2
DA:14,7
DA:16,7
DA:22,7
DA:23,7
DA:27,7
DA:29,7
DA:30,0
DA:34,1
DA:38,1
DA:42,1
DA:48,20
DA:50,20
DA:65,1
DA:75,2
LF:16
LH:15
BRF:0
BRH:0
end_of_record
TN:
SF:src/ListItems.js
FN:5,(anonymous_0)
FN:9,(anonymous_1)
FN:13,(anonymous_2)
FN:18,(anonymous_3)
FNF:4
FNH:4
FNDA:8,(anonymous_0)
FNDA:29,(anonymous_1)
FNDA:11,(anonymous_2)
FNDA:29,(anonymous_3)
DA:6,8
DA:10,29
DA:15,11
DA:16,11
DA:18,29
LF:5
LH:5
BRDA:18,0,0,11
BRDA:18,0,1,11
BRF:2
BRH:2
end_of_record
TN:
SF:src/SearchItem.js
FN:7,(anonymous_0)
FN:17,(anonymous_1)
FN:19,(anonymous_2)
FN:22,(anonymous_3)
FN:28,(anonymous_4)
FN:33,(anonymous_5)
FNF:6
FNH:6
FNDA:4,(anonymous_0)
FNDA:8,(anonymous_1)
FNDA:24,(anonymous_2)
FNDA:3,(anonymous_3)
FNDA:7,(anonymous_4)
FNDA:3,(anonymous_5)
DA:8,4
DA:9,4
DA:18,8
DA:19,24
DA:23,3
DA:29,7
DA:30,7
DA:34,3
LF:8
LH:8
BRF:0
BRH:0
end_of_record
TN:
SF:src/SearchList.js
FN:1,(anonymous_0)
FN:3,(anonymous_1)
FNF:2
FNH:2
FNDA:9,(anonymous_0)
FNDA:27,(anonymous_1)
DA:1,1
DA:2,9
DA:3,27
LF:3
LH:3
BRF:0
BRH:0
end_of_record
